0 verbose cli D:\portable_node\app\node.exe D:\portable_node\app\node_modules\npm\bin\npm-cli.js
1 info using npm@10.2.4
2 info using node@v21.6.1
3 timing npm:load:whichnode Completed in 1ms
4 timing config:load:defaults Completed in 2ms
5 timing config:load:file:D:\portable_node\app\node_modules\npm\npmrc Completed in 2ms
6 timing config:load:builtin Completed in 2ms
7 timing config:load:cli Completed in 1ms
8 timing config:load:env Completed in 1ms
9 timing config:load:file:D:\portable_node\.npmrc Completed in 1ms
10 timing config:load:project Completed in 2ms
11 timing config:load:file:C:\Users\davide.delucia\.npmrc Completed in 0ms
12 timing config:load:user Completed in 0ms
13 timing config:load:file:D:\portable_node\app\etc\npmrc Completed in 1ms
14 timing config:load:global Completed in 1ms
15 timing config:load:setEnvs Completed in 0ms
16 timing config:load Completed in 10ms
17 timing npm:load:configload Completed in 10ms
18 timing config:load:flatten Completed in 2ms
19 timing npm:load:mkdirpcache Completed in 0ms
20 timing npm:load:mkdirplogs Completed in 1ms
21 verbose title npm exec create-react-app
22 verbose argv "exec" "--" "create-react-app"
23 timing npm:load:setTitle Completed in 0ms
24 timing npm:load:display Completed in 1ms
25 verbose logfile logs-max:10 dir:D:\portable_node\cache\_logs\2024-02-07T14_16_01_386Z-
26 verbose logfile D:\portable_node\cache\_logs\2024-02-07T14_16_01_386Z-debug-0.log
27 timing npm:load:logFile Completed in 9ms
28 timing npm:load:timers Completed in 0ms
29 timing npm:load:configScope Completed in 0ms
30 timing npm:load Completed in 45ms
31 silly logfile done cleaning log files
32 timing arborist:ctor Completed in 0ms
33 http fetch GET 200 https://registry.npmjs.org/npm 246ms (cache miss)
34 http fetch GET 200 https://registry.npmjs.org/create-react-app 206ms (cache miss)
35 timing arborist:ctor Completed in 0ms
36 timing arborist:ctor Completed in 0ms
37 timing arborist:ctor Completed in 0ms
38 timing idealTree:init Completed in 4ms
39 timing idealTree:userRequests Completed in 1ms
40 silly idealTree buildDeps
41 silly fetch manifest create-react-app@5.0.1
42 http fetch GET 200 https://registry.npmjs.org/create-react-app 8ms (cache hit)
43 silly placeDep ROOT create-react-app@5.0.1 OK for:  want: 5.0.1
44 silly fetch manifest chalk@^4.1.2
45 silly fetch manifest commander@^4.1.1
46 silly fetch manifest cross-spawn@^7.0.3
47 silly fetch manifest envinfo@^7.8.1
48 silly fetch manifest fs-extra@^10.0.0
49 silly fetch manifest hyperquest@^2.1.3
50 silly fetch manifest prompts@^2.4.2
51 silly fetch manifest semver@^7.3.5
52 silly fetch manifest tar-pack@^3.4.1
53 silly fetch manifest tmp@^0.2.1
54 silly fetch manifest validate-npm-package-name@^3.0.0
55 http fetch GET 200 https://registry.npmjs.org/commander 87ms (cache miss)
56 http fetch GET 200 https://registry.npmjs.org/hyperquest 124ms (cache miss)
57 http fetch GET 200 https://registry.npmjs.org/chalk 126ms (cache miss)
58 http fetch GET 200 https://registry.npmjs.org/semver 139ms (cache miss)
59 http fetch GET 200 https://registry.npmjs.org/tar-pack 160ms (cache miss)
60 http fetch GET 200 https://registry.npmjs.org/tmp 161ms (cache miss)
61 http fetch GET 200 https://registry.npmjs.org/cross-spawn 173ms (cache miss)
62 http fetch GET 200 https://registry.npmjs.org/prompts 173ms (cache miss)
63 http fetch GET 200 https://registry.npmjs.org/validate-npm-package-name 173ms (cache miss)
64 http fetch GET 200 https://registry.npmjs.org/fs-extra 177ms (cache miss)
65 http fetch GET 200 https://registry.npmjs.org/envinfo 180ms (cache miss)
66 timing idealTree:#root Completed in 198ms
67 silly placeDep ROOT chalk@4.1.2 OK for: create-react-app@5.0.1 want: ^4.1.2
68 silly fetch manifest ansi-styles@^4.1.0
69 silly fetch manifest supports-color@^7.1.0
70 silly placeDep ROOT commander@4.1.1 OK for: create-react-app@5.0.1 want: ^4.1.1
71 silly placeDep ROOT cross-spawn@7.0.3 OK for: create-react-app@5.0.1 want: ^7.0.3
72 silly fetch manifest path-key@^3.1.0
73 silly fetch manifest shebang-command@^2.0.0
74 silly fetch manifest which@^2.0.1
75 silly placeDep ROOT envinfo@7.11.1 OK for: create-react-app@5.0.1 want: ^7.8.1
76 silly placeDep ROOT fs-extra@10.1.0 OK for: create-react-app@5.0.1 want: ^10.0.0
77 silly fetch manifest graceful-fs@^4.2.0
78 silly fetch manifest jsonfile@^6.0.1
79 silly fetch manifest universalify@^2.0.0
80 silly placeDep ROOT hyperquest@2.1.3 OK for: create-react-app@5.0.1 want: ^2.1.3
81 silly fetch manifest buffer-from@^0.1.1
82 silly fetch manifest duplexer2@~0.0.2
83 silly fetch manifest through2@~0.6.3
84 silly placeDep ROOT prompts@2.4.2 OK for: create-react-app@5.0.1 want: ^2.4.2
85 silly fetch manifest kleur@^3.0.3
86 silly fetch manifest sisteransi@^1.0.5
87 silly placeDep ROOT semver@7.6.0 OK for: create-react-app@5.0.1 want: ^7.3.5
88 silly fetch manifest lru-cache@^6.0.0
89 silly placeDep ROOT tar-pack@3.4.1 OK for: create-react-app@5.0.1 want: ^3.4.1
90 silly fetch manifest debug@^2.2.0
91 silly fetch manifest fstream@^1.0.10
92 silly fetch manifest fstream-ignore@^1.0.5
93 silly fetch manifest once@^1.3.3
94 silly fetch manifest readable-stream@^2.1.4
95 silly fetch manifest rimraf@^2.5.1
96 silly fetch manifest tar@^2.2.1
97 silly fetch manifest uid-number@^0.0.6
98 silly placeDep ROOT tmp@0.2.1 OK for: create-react-app@5.0.1 want: ^0.2.1
99 silly fetch manifest rimraf@^3.0.0
100 silly placeDep ROOT validate-npm-package-name@3.0.0 OK for: create-react-app@5.0.1 want: ^3.0.0
101 silly fetch manifest builtins@^1.0.3
102 http fetch GET 200 https://registry.npmjs.org/universalify 136ms (cache miss)
103 http fetch GET 200 https://registry.npmjs.org/path-key 144ms (cache miss)
104 http fetch GET 200 https://registry.npmjs.org/duplexer2 141ms (cache miss)
105 http fetch GET 200 https://registry.npmjs.org/shebang-command 148ms (cache miss)
106 http fetch GET 200 https://registry.npmjs.org/jsonfile 146ms (cache miss)
107 http fetch GET 200 https://registry.npmjs.org/ansi-styles 160ms (cache miss)
108 http fetch GET 200 https://registry.npmjs.org/which 175ms (cache miss)
109 http fetch GET 200 https://registry.npmjs.org/through2 172ms (cache miss)
110 http fetch GET 200 https://registry.npmjs.org/supports-color 182ms (cache miss)
111 http fetch GET 200 https://registry.npmjs.org/graceful-fs 186ms (cache miss)
112 http fetch GET 200 https://registry.npmjs.org/sisteransi 192ms (cache miss)
113 http fetch GET 200 https://registry.npmjs.org/once 191ms (cache miss)
114 http fetch GET 200 https://registry.npmjs.org/kleur 202ms (cache miss)
115 http fetch GET 200 https://registry.npmjs.org/builtins 199ms (cache miss)
116 http fetch GET 200 https://registry.npmjs.org/fstream 205ms (cache miss)
117 http fetch GET 200 https://registry.npmjs.org/debug 208ms (cache miss)
118 http fetch GET 200 https://registry.npmjs.org/rimraf 214ms (cache miss)
119 http fetch GET 200 https://registry.npmjs.org/rimraf 216ms (cache miss)
120 http fetch GET 200 https://registry.npmjs.org/readable-stream 220ms (cache miss)
121 http fetch GET 200 https://registry.npmjs.org/lru-cache 228ms (cache miss)
122 http fetch GET 200 https://registry.npmjs.org/tar 232ms (cache miss)
123 http fetch GET 200 https://registry.npmjs.org/buffer-from 282ms (cache miss)
124 http fetch GET 200 https://registry.npmjs.org/uid-number 353ms (cache miss)
125 http fetch GET 200 https://registry.npmjs.org/fstream-ignore 930ms (cache miss)
126 timing idealTree:node_modules/create-react-app Completed in 950ms
127 silly placeDep ROOT ansi-styles@4.3.0 OK for: chalk@4.1.2 want: ^4.1.0
128 silly fetch manifest color-convert@^2.0.1
129 silly placeDep ROOT supports-color@7.2.0 OK for: chalk@4.1.2 want: ^7.1.0
130 silly fetch manifest has-flag@^4.0.0
131 http fetch GET 200 https://registry.npmjs.org/color-convert 53ms (cache miss)
132 http fetch GET 200 https://registry.npmjs.org/has-flag 57ms (cache miss)
133 timing idealTree:node_modules/chalk Completed in 61ms
134 silly placeDep ROOT color-convert@2.0.1 OK for: ansi-styles@4.3.0 want: ^2.0.1
135 silly fetch manifest color-name@~1.1.4
136 http fetch GET 200 https://registry.npmjs.org/color-name 82ms (cache miss)
137 timing idealTree:node_modules/ansi-styles Completed in 84ms
138 silly placeDep ROOT color-name@1.1.4 OK for: color-convert@2.0.1 want: ~1.1.4
139 timing idealTree:node_modules/color-convert Completed in 1ms
140 timing idealTree:node_modules/color-name Completed in 0ms
141 timing idealTree:node_modules/commander Completed in 0ms
142 silly placeDep ROOT path-key@3.1.1 OK for: cross-spawn@7.0.3 want: ^3.1.0
143 silly placeDep ROOT shebang-command@2.0.0 OK for: cross-spawn@7.0.3 want: ^2.0.0
144 silly fetch manifest shebang-regex@^3.0.0
145 silly placeDep ROOT which@2.0.2 OK for: cross-spawn@7.0.3 want: ^2.0.1
146 silly fetch manifest isexe@^2.0.0
147 http fetch GET 200 https://registry.npmjs.org/isexe 56ms (cache miss)
148 http fetch GET 200 https://registry.npmjs.org/shebang-regex 107ms (cache miss)
149 timing idealTree:node_modules/cross-spawn Completed in 109ms
150 timing idealTree:node_modules/envinfo Completed in 0ms
151 silly placeDep ROOT graceful-fs@4.2.11 OK for: fs-extra@10.1.0 want: ^4.2.0
152 silly placeDep ROOT jsonfile@6.1.0 OK for: fs-extra@10.1.0 want: ^6.0.1
153 silly placeDep ROOT universalify@2.0.1 OK for: fs-extra@10.1.0 want: ^2.0.0
154 timing idealTree:node_modules/fs-extra Completed in 4ms
155 timing idealTree:node_modules/graceful-fs Completed in 0ms
156 silly placeDep ROOT buffer-from@0.1.2 OK for: hyperquest@2.1.3 want: ^0.1.1
157 silly placeDep ROOT duplexer2@0.0.2 OK for: hyperquest@2.1.3 want: ~0.0.2
158 silly fetch manifest readable-stream@~1.1.9
159 silly placeDep ROOT through2@0.6.5 OK for: hyperquest@2.1.3 want: ~0.6.3
160 silly fetch manifest readable-stream@>=1.0.33-1 <1.1.0-0
161 silly fetch manifest xtend@>=4.0.0 <4.1.0-0
162 http fetch GET 200 https://registry.npmjs.org/xtend 47ms (cache miss)
163 timing idealTree:node_modules/hyperquest Completed in 50ms
164 timing idealTree:node_modules/buffer-from Completed in 0ms
165 silly placeDep ROOT readable-stream@1.1.14 OK for: duplexer2@0.0.2 want: ~1.1.9
166 silly fetch manifest core-util-is@~1.0.0
167 silly fetch manifest isarray@0.0.1
168 silly fetch manifest string_decoder@~0.10.x
169 silly fetch manifest inherits@~2.0.1
170 http fetch GET 200 https://registry.npmjs.org/inherits 46ms (cache miss)
171 http fetch GET 200 https://registry.npmjs.org/core-util-is 52ms (cache miss)
172 http fetch GET 200 https://registry.npmjs.org/string_decoder 57ms (cache miss)
173 http fetch GET 200 https://registry.npmjs.org/isarray 109ms (cache miss)
174 timing idealTree:node_modules/duplexer2 Completed in 111ms
175 timing idealTree:node_modules/jsonfile Completed in 0ms
176 timing idealTree:node_modules/path-key Completed in 0ms
177 silly placeDep ROOT kleur@3.0.3 OK for: prompts@2.4.2 want: ^3.0.3
178 silly placeDep ROOT sisteransi@1.0.5 OK for: prompts@2.4.2 want: ^1.0.5
179 timing idealTree:node_modules/prompts Completed in 2ms
180 timing idealTree:node_modules/kleur Completed in 0ms
181 silly placeDep ROOT core-util-is@1.0.3 OK for: readable-stream@1.1.14 want: ~1.0.0
182 silly placeDep ROOT inherits@2.0.4 OK for: readable-stream@1.1.14 want: ~2.0.1
183 silly placeDep ROOT isarray@0.0.1 OK for: readable-stream@1.1.14 want: 0.0.1
184 silly placeDep ROOT string_decoder@0.10.31 OK for: readable-stream@1.1.14 want: ~0.10.x
185 timing idealTree:node_modules/readable-stream Completed in 4ms
186 timing idealTree:node_modules/core-util-is Completed in 0ms
187 timing idealTree:node_modules/inherits Completed in 0ms
188 timing idealTree:node_modules/isarray Completed in 0ms
189 silly placeDep ROOT lru-cache@6.0.0 OK for: semver@7.6.0 want: ^6.0.0
190 silly fetch manifest yallist@^4.0.0
191 http fetch GET 200 https://registry.npmjs.org/yallist 70ms (cache miss)
192 timing idealTree:node_modules/semver Completed in 72ms
193 silly placeDep ROOT yallist@4.0.0 OK for: lru-cache@6.0.0 want: ^4.0.0
194 timing idealTree:node_modules/lru-cache Completed in 1ms
195 silly placeDep ROOT shebang-regex@3.0.0 OK for: shebang-command@2.0.0 want: ^3.0.0
196 timing idealTree:node_modules/shebang-command Completed in 1ms
197 timing idealTree:node_modules/shebang-regex Completed in 0ms
198 timing idealTree:node_modules/sisteransi Completed in 0ms
199 timing idealTree:node_modules/string_decoder Completed in 0ms
200 silly placeDep ROOT has-flag@4.0.0 OK for: supports-color@7.2.0 want: ^4.0.0
201 timing idealTree:node_modules/supports-color Completed in 1ms
202 timing idealTree:node_modules/has-flag Completed in 0ms
203 silly placeDep ROOT debug@2.6.9 OK for: tar-pack@3.4.1 want: ^2.2.0
204 silly fetch manifest ms@2.0.0
205 silly placeDep ROOT fstream@1.0.12 OK for: tar-pack@3.4.1 want: ^1.0.10
206 silly fetch manifest mkdirp@>=0.5 0
207 silly fetch manifest rimraf@2
208 silly placeDep ROOT fstream-ignore@1.0.5 OK for: tar-pack@3.4.1 want: ^1.0.5
209 silly fetch manifest minimatch@^3.0.0
210 silly placeDep ROOT once@1.4.0 OK for: tar-pack@3.4.1 want: ^1.3.3
211 silly fetch manifest wrappy@1
212 silly placeDep node_modules/tar-pack readable-stream@2.3.8 OK for: tar-pack@3.4.1 want: ^2.1.4
213 silly fetch manifest isarray@~1.0.0
214 silly fetch manifest process-nextick-args@~2.0.0
215 silly fetch manifest safe-buffer@~5.1.1
216 silly fetch manifest string_decoder@~1.1.1
217 silly fetch manifest util-deprecate@~1.0.1
218 silly placeDep ROOT rimraf@2.7.1 OK for: tar-pack@3.4.1 want: ^2.5.1
219 silly fetch manifest glob@^7.1.3
220 silly placeDep ROOT tar@2.2.2 OK for: tar-pack@3.4.1 want: ^2.2.1
221 silly fetch manifest block-stream@*
222 silly placeDep ROOT uid-number@0.0.6 OK for: tar-pack@3.4.1 want: ^0.0.6
223 http fetch GET 200 https://registry.npmjs.org/process-nextick-args 54ms (cache miss)
224 http fetch GET 200 https://registry.npmjs.org/util-deprecate 61ms (cache miss)
225 http fetch GET 200 https://registry.npmjs.org/wrappy 71ms (cache miss)
226 http fetch GET 200 https://registry.npmjs.org/safe-buffer 71ms (cache miss)
227 http fetch GET 200 https://registry.npmjs.org/glob 71ms (cache miss)
228 http fetch GET 200 https://registry.npmjs.org/minimatch 82ms (cache miss)
229 http fetch GET 200 https://registry.npmjs.org/ms 98ms (cache miss)
230 http fetch GET 200 https://registry.npmjs.org/mkdirp 99ms (cache miss)
231 http fetch GET 200 https://registry.npmjs.org/block-stream 797ms (cache miss)
232 timing idealTree:node_modules/tar-pack Completed in 813ms
233 silly placeDep ROOT ms@2.0.0 OK for: debug@2.6.9 want: 2.0.0
234 timing idealTree:node_modules/debug Completed in 1ms
235 silly placeDep ROOT mkdirp@0.5.6 OK for: fstream@1.0.12 want: >=0.5 0
236 silly fetch manifest minimist@^1.2.6
237 http fetch GET 200 https://registry.npmjs.org/minimist 73ms (cache miss)
238 timing idealTree:node_modules/fstream Completed in 74ms
239 silly placeDep ROOT minimatch@3.1.2 OK for: fstream-ignore@1.0.5 want: ^3.0.0
240 silly fetch manifest brace-expansion@^1.1.7
241 http fetch GET 200 https://registry.npmjs.org/brace-expansion 47ms (cache miss)
242 timing idealTree:node_modules/fstream-ignore Completed in 50ms
243 silly placeDep ROOT brace-expansion@1.1.11 OK for: minimatch@3.1.2 want: ^1.1.7
244 silly fetch manifest balanced-match@^1.0.0
245 silly fetch manifest concat-map@0.0.1
246 http fetch GET 200 https://registry.npmjs.org/concat-map 50ms (cache miss)
247 http fetch GET 200 https://registry.npmjs.org/balanced-match 56ms (cache miss)
248 timing idealTree:node_modules/minimatch Completed in 57ms
249 silly placeDep ROOT balanced-match@1.0.2 OK for: brace-expansion@1.1.11 want: ^1.0.0
250 silly placeDep ROOT concat-map@0.0.1 OK for: brace-expansion@1.1.11 want: 0.0.1
251 timing idealTree:node_modules/brace-expansion Completed in 1ms
252 timing idealTree:node_modules/balanced-match Completed in 0ms
253 timing idealTree:node_modules/concat-map Completed in 0ms
254 silly placeDep ROOT minimist@1.2.8 OK for: mkdirp@0.5.6 want: ^1.2.6
255 timing idealTree:node_modules/mkdirp Completed in 1ms
256 timing idealTree:node_modules/minimist Completed in 0ms
257 timing idealTree:node_modules/ms Completed in 0ms
258 silly placeDep ROOT wrappy@1.0.2 OK for: once@1.4.0 want: 1
259 timing idealTree:node_modules/once Completed in 1ms
260 silly placeDep ROOT glob@7.2.3 OK for: rimraf@2.7.1 want: ^7.1.3
261 silly fetch manifest fs.realpath@^1.0.0
262 silly fetch manifest inflight@^1.0.4
263 silly fetch manifest path-is-absolute@^1.0.0
264 http fetch GET 200 https://registry.npmjs.org/path-is-absolute 47ms (cache miss)
265 http fetch GET 200 https://registry.npmjs.org/inflight 63ms (cache miss)
266 http fetch GET 200 https://registry.npmjs.org/fs.realpath 68ms (cache miss)
267 timing idealTree:node_modules/rimraf Completed in 70ms
268 silly placeDep ROOT fs.realpath@1.0.0 OK for: glob@7.2.3 want: ^1.0.0
269 silly placeDep ROOT inflight@1.0.6 OK for: glob@7.2.3 want: ^1.0.4
270 silly placeDep ROOT path-is-absolute@1.0.1 OK for: glob@7.2.3 want: ^1.0.0
271 timing idealTree:node_modules/glob Completed in 5ms
272 timing idealTree:node_modules/fs.realpath Completed in 0ms
273 timing idealTree:node_modules/inflight Completed in 0ms
274 timing idealTree:node_modules/path-is-absolute Completed in 0ms
275 silly placeDep ROOT block-stream@0.0.9 OK for: tar@2.2.2 want: *
276 timing idealTree:node_modules/tar Completed in 2ms
277 timing idealTree:node_modules/block-stream Completed in 0ms
278 silly placeDep node_modules/through2 readable-stream@1.0.34 OK for: through2@0.6.5 want: >=1.0.33-1 <1.1.0-0
279 silly placeDep ROOT xtend@4.0.2 OK for: through2@0.6.5 want: >=4.0.0 <4.1.0-0
280 timing idealTree:node_modules/through2 Completed in 3ms
281 silly placeDep node_modules/tmp rimraf@3.0.2 OK for: tmp@0.2.1 want: ^3.0.0
282 timing idealTree:node_modules/tmp Completed in 1ms
283 timing idealTree:node_modules/uid-number Completed in 0ms
284 timing idealTree:node_modules/universalify Completed in 0ms
285 silly placeDep ROOT builtins@1.0.3 OK for: validate-npm-package-name@3.0.0 want: ^1.0.3
286 timing idealTree:node_modules/validate-npm-package-name Completed in 1ms
287 timing idealTree:node_modules/builtins Completed in 0ms
288 silly placeDep ROOT isexe@2.0.0 OK for: which@2.0.2 want: ^2.0.0
289 timing idealTree:node_modules/which Completed in 1ms
290 timing idealTree:node_modules/isexe Completed in 0ms
291 timing idealTree:node_modules/wrappy Completed in 0ms
292 timing idealTree:node_modules/xtend Completed in 0ms
293 timing idealTree:node_modules/yallist Completed in 0ms
294 silly placeDep node_modules/tar-pack isarray@1.0.0 OK for: readable-stream@2.3.8 want: ~1.0.0
295 silly placeDep ROOT process-nextick-args@2.0.1 OK for: readable-stream@2.3.8 want: ~2.0.0
296 silly placeDep ROOT safe-buffer@5.1.2 OK for: readable-stream@2.3.8 want: ~5.1.1
297 silly placeDep node_modules/tar-pack string_decoder@1.1.1 OK for: readable-stream@2.3.8 want: ~1.1.1
298 silly placeDep ROOT util-deprecate@1.0.2 OK for: readable-stream@2.3.8 want: ~1.0.1
299 timing idealTree:node_modules/tar-pack/node_modules/readable-stream Completed in 6ms
300 timing idealTree:node_modules/process-nextick-args Completed in 0ms
301 timing idealTree:node_modules/safe-buffer Completed in 0ms
302 timing idealTree:node_modules/util-deprecate Completed in 0ms
303 timing idealTree:node_modules/tar-pack/node_modules/isarray Completed in 0ms
304 timing idealTree:node_modules/tar-pack/node_modules/string_decoder Completed in 0ms
305 timing idealTree:node_modules/through2/node_modules/readable-stream Completed in 0ms
306 timing idealTree:node_modules/tmp/node_modules/rimraf Completed in 0ms
307 timing idealTree:buildDeps Completed in 2744ms
308 timing idealTree:fixDepFlags Completed in 1ms
309 timing idealTree Completed in 2750ms
310 timing reify:loadTrees Completed in 2751ms
311 timing reify:diffTrees Completed in 2ms
312 silly reify moves {}
313 timing reify:retireShallow Completed in 1ms
314 timing reify:createSparse Completed in 13ms
315 timing reify:loadBundles Completed in 0ms
316 silly audit bulk request {
316 silly audit   'create-react-app': [ '5.0.1' ],
316 silly audit   chalk: [ '4.1.2' ],
316 silly audit   commander: [ '4.1.1' ],
316 silly audit   'cross-spawn': [ '7.0.3' ],
316 silly audit   envinfo: [ '7.11.1' ],
316 silly audit   'fs-extra': [ '10.1.0' ],
316 silly audit   hyperquest: [ '2.1.3' ],
316 silly audit   prompts: [ '2.4.2' ],
316 silly audit   semver: [ '7.6.0' ],
316 silly audit   'tar-pack': [ '3.4.1' ],
316 silly audit   tmp: [ '0.2.1' ],
316 silly audit   'validate-npm-package-name': [ '3.0.0' ],
316 silly audit   'ansi-styles': [ '4.3.0' ],
316 silly audit   'supports-color': [ '7.2.0' ],
316 silly audit   'color-convert': [ '2.0.1' ],
316 silly audit   'color-name': [ '1.1.4' ],
316 silly audit   'path-key': [ '3.1.1' ],
316 silly audit   'shebang-command': [ '2.0.0' ],
316 silly audit   which: [ '2.0.2' ],
316 silly audit   'graceful-fs': [ '4.2.11' ],
316 silly audit   jsonfile: [ '6.1.0' ],
316 silly audit   universalify: [ '2.0.1' ],
316 silly audit   'buffer-from': [ '0.1.2' ],
316 silly audit   duplexer2: [ '0.0.2' ],
316 silly audit   through2: [ '0.6.5' ],
316 silly audit   'readable-stream': [ '1.1.14', '2.3.8', '1.0.34' ],
316 silly audit   kleur: [ '3.0.3' ],
316 silly audit   sisteransi: [ '1.0.5' ],
316 silly audit   'core-util-is': [ '1.0.3' ],
316 silly audit   inherits: [ '2.0.4' ],
316 silly audit   isarray: [ '0.0.1', '1.0.0' ],
316 silly audit   string_decoder: [ '0.10.31', '1.1.1' ],
316 silly audit   'lru-cache': [ '6.0.0' ],
316 silly audit   yallist: [ '4.0.0' ],
316 silly audit   'shebang-regex': [ '3.0.0' ],
316 silly audit   'has-flag': [ '4.0.0' ],
316 silly audit   debug: [ '2.6.9' ],
316 silly audit   fstream: [ '1.0.12' ],
316 silly audit   'fstream-ignore': [ '1.0.5' ],
316 silly audit   once: [ '1.4.0' ],
316 silly audit   rimraf: [ '2.7.1', '3.0.2' ],
316 silly audit   tar: [ '2.2.2' ],
316 silly audit   'uid-number': [ '0.0.6' ],
316 silly audit   ms: [ '2.0.0' ],
316 silly audit   mkdirp: [ '0.5.6' ],
316 silly audit   minimatch: [ '3.1.2' ],
316 silly audit   'brace-expansion': [ '1.1.11' ],
316 silly audit   'balanced-match': [ '1.0.2' ],
316 silly audit   'concat-map': [ '0.0.1' ],
316 silly audit   minimist: [ '1.2.8' ],
316 silly audit   wrappy: [ '1.0.2' ],
316 silly audit   glob: [ '7.2.3' ],
316 silly audit   'fs.realpath': [ '1.0.0' ],
316 silly audit   inflight: [ '1.0.6' ],
316 silly audit   'path-is-absolute': [ '1.0.1' ],
316 silly audit   'block-stream': [ '0.0.9' ],
316 silly audit   xtend: [ '4.0.2' ],
316 silly audit   builtins: [ '1.0.3' ],
316 silly audit   isexe: [ '2.0.0' ],
316 silly audit   'process-nextick-args': [ '2.0.1' ],
316 silly audit   'safe-buffer': [ '5.1.2' ],
316 silly audit   'util-deprecate': [ '1.0.2' ]
316 silly audit }
317 silly tarball no local data for safe-buffer@https://registry.npmjs.org/safe-buffer/-/safe-buffer-5.1.2.tgz. Extracting by manifest.
318 silly tarball no local data for util-deprecate@https://registry.npmjs.org/util-deprecate/-/util-deprecate-1.0.2.tgz. Extracting by manifest.
319 silly tarball no local data for isexe@https://registry.npmjs.org/isexe/-/isexe-2.0.0.tgz. Extracting by manifest.
320 silly tarball no local data for process-nextick-args@https://registry.npmjs.org/process-nextick-args/-/process-nextick-args-2.0.1.tgz. Extracting by manifest.
321 silly tarball no local data for builtins@https://registry.npmjs.org/builtins/-/builtins-1.0.3.tgz. Extracting by manifest.
322 silly tarball no local data for path-is-absolute@https://registry.npmjs.org/path-is-absolute/-/path-is-absolute-1.0.1.tgz. Extracting by manifest.
323 silly tarball no local data for xtend@https://registry.npmjs.org/xtend/-/xtend-4.0.2.tgz. Extracting by manifest.
324 silly tarball no local data for inflight@https://registry.npmjs.org/inflight/-/inflight-1.0.6.tgz. Extracting by manifest.
325 silly tarball no local data for block-stream@https://registry.npmjs.org/block-stream/-/block-stream-0.0.9.tgz. Extracting by manifest.
326 silly tarball no local data for fs.realpath@https://registry.npmjs.org/fs.realpath/-/fs.realpath-1.0.0.tgz. Extracting by manifest.
327 silly tarball no local data for glob@https://registry.npmjs.org/glob/-/glob-7.2.3.tgz. Extracting by manifest.
328 silly tarball no local data for wrappy@https://registry.npmjs.org/wrappy/-/wrappy-1.0.2.tgz. Extracting by manifest.
329 silly tarball no local data for concat-map@https://registry.npmjs.org/concat-map/-/concat-map-0.0.1.tgz. Extracting by manifest.
330 silly tarball no local data for balanced-match@https://registry.npmjs.org/balanced-match/-/balanced-match-1.0.2.tgz. Extracting by manifest.
331 silly tarball no local data for minimist@https://registry.npmjs.org/minimist/-/minimist-1.2.8.tgz. Extracting by manifest.
332 silly tarball no local data for minimatch@https://registry.npmjs.org/minimatch/-/minimatch-3.1.2.tgz. Extracting by manifest.
333 silly tarball no local data for mkdirp@https://registry.npmjs.org/mkdirp/-/mkdirp-0.5.6.tgz. Extracting by manifest.
334 silly tarball no local data for brace-expansion@https://registry.npmjs.org/brace-expansion/-/brace-expansion-1.1.11.tgz. Extracting by manifest.
335 silly tarball no local data for uid-number@https://registry.npmjs.org/uid-number/-/uid-number-0.0.6.tgz. Extracting by manifest.
336 silly tarball no local data for tar@https://registry.npmjs.org/tar/-/tar-2.2.2.tgz. Extracting by manifest.
337 silly tarball no local data for ms@https://registry.npmjs.org/ms/-/ms-2.0.0.tgz. Extracting by manifest.
338 silly tarball no local data for once@https://registry.npmjs.org/once/-/once-1.4.0.tgz. Extracting by manifest.
339 silly tarball no local data for fstream@https://registry.npmjs.org/fstream/-/fstream-1.0.12.tgz. Extracting by manifest.
340 silly tarball no local data for rimraf@https://registry.npmjs.org/rimraf/-/rimraf-2.7.1.tgz. Extracting by manifest.
341 silly tarball no local data for debug@https://registry.npmjs.org/debug/-/debug-2.6.9.tgz. Extracting by manifest.
342 silly tarball no local data for fstream-ignore@https://registry.npmjs.org/fstream-ignore/-/fstream-ignore-1.0.5.tgz. Extracting by manifest.
343 silly tarball no local data for has-flag@https://registry.npmjs.org/has-flag/-/has-flag-4.0.0.tgz. Extracting by manifest.
344 silly tarball no local data for yallist@https://registry.npmjs.org/yallist/-/yallist-4.0.0.tgz. Extracting by manifest.
345 silly tarball no local data for shebang-regex@https://registry.npmjs.org/shebang-regex/-/shebang-regex-3.0.0.tgz. Extracting by manifest.
346 silly tarball no local data for string_decoder@https://registry.npmjs.org/string_decoder/-/string_decoder-0.10.31.tgz. Extracting by manifest.
347 silly tarball no local data for lru-cache@https://registry.npmjs.org/lru-cache/-/lru-cache-6.0.0.tgz. Extracting by manifest.
348 silly tarball no local data for inherits@https://registry.npmjs.org/inherits/-/inherits-2.0.4.tgz. Extracting by manifest.
349 silly tarball no local data for core-util-is@https://registry.npmjs.org/core-util-is/-/core-util-is-1.0.3.tgz. Extracting by manifest.
350 silly tarball no local data for isarray@https://registry.npmjs.org/isarray/-/isarray-0.0.1.tgz. Extracting by manifest.
351 silly tarball no local data for sisteransi@https://registry.npmjs.org/sisteransi/-/sisteransi-1.0.5.tgz. Extracting by manifest.
352 silly tarball no local data for readable-stream@https://registry.npmjs.org/readable-stream/-/readable-stream-1.1.14.tgz. Extracting by manifest.
353 silly tarball no local data for kleur@https://registry.npmjs.org/kleur/-/kleur-3.0.3.tgz. Extracting by manifest.
354 silly tarball no local data for through2@https://registry.npmjs.org/through2/-/through2-0.6.5.tgz. Extracting by manifest.
355 silly tarball no local data for buffer-from@https://registry.npmjs.org/buffer-from/-/buffer-from-0.1.2.tgz. Extracting by manifest.
356 silly tarball no local data for duplexer2@https://registry.npmjs.org/duplexer2/-/duplexer2-0.0.2.tgz. Extracting by manifest.
357 silly tarball no local data for jsonfile@https://registry.npmjs.org/jsonfile/-/jsonfile-6.1.0.tgz. Extracting by manifest.
358 silly tarball no local data for universalify@https://registry.npmjs.org/universalify/-/universalify-2.0.1.tgz. Extracting by manifest.
359 silly tarball no local data for graceful-fs@https://registry.npmjs.org/graceful-fs/-/graceful-fs-4.2.11.tgz. Extracting by manifest.
360 silly tarball no local data for shebang-command@https://registry.npmjs.org/shebang-command/-/shebang-command-2.0.0.tgz. Extracting by manifest.
361 silly tarball no local data for path-key@https://registry.npmjs.org/path-key/-/path-key-3.1.1.tgz. Extracting by manifest.
362 silly tarball no local data for which@https://registry.npmjs.org/which/-/which-2.0.2.tgz. Extracting by manifest.
363 silly tarball no local data for color-name@https://registry.npmjs.org/color-name/-/color-name-1.1.4.tgz. Extracting by manifest.
364 silly tarball no local data for color-convert@https://registry.npmjs.org/color-convert/-/color-convert-2.0.1.tgz. Extracting by manifest.
365 silly tarball no local data for supports-color@https://registry.npmjs.org/supports-color/-/supports-color-7.2.0.tgz. Extracting by manifest.
366 silly tarball no local data for validate-npm-package-name@https://registry.npmjs.org/validate-npm-package-name/-/validate-npm-package-name-3.0.0.tgz. Extracting by manifest.
367 silly tarball no local data for ansi-styles@https://registry.npmjs.org/ansi-styles/-/ansi-styles-4.3.0.tgz. Extracting by manifest.
368 silly tarball no local data for tmp@https://registry.npmjs.org/tmp/-/tmp-0.2.1.tgz. Extracting by manifest.
369 silly tarball no local data for tar-pack@https://registry.npmjs.org/tar-pack/-/tar-pack-3.4.1.tgz. Extracting by manifest.
370 silly tarball no local data for semver@https://registry.npmjs.org/semver/-/semver-7.6.0.tgz. Extracting by manifest.
371 silly tarball no local data for hyperquest@https://registry.npmjs.org/hyperquest/-/hyperquest-2.1.3.tgz. Extracting by manifest.
372 silly tarball no local data for envinfo@https://registry.npmjs.org/envinfo/-/envinfo-7.11.1.tgz. Extracting by manifest.
373 silly tarball no local data for fs-extra@https://registry.npmjs.org/fs-extra/-/fs-extra-10.1.0.tgz. Extracting by manifest.
374 silly tarball no local data for prompts@https://registry.npmjs.org/prompts/-/prompts-2.4.2.tgz. Extracting by manifest.
375 silly tarball no local data for cross-spawn@https://registry.npmjs.org/cross-spawn/-/cross-spawn-7.0.3.tgz. Extracting by manifest.
376 silly tarball no local data for commander@https://registry.npmjs.org/commander/-/commander-4.1.1.tgz. Extracting by manifest.
377 silly tarball no local data for readable-stream@https://registry.npmjs.org/readable-stream/-/readable-stream-1.0.34.tgz. Extracting by manifest.
378 silly tarball no local data for chalk@https://registry.npmjs.org/chalk/-/chalk-4.1.2.tgz. Extracting by manifest.
379 silly tarball no local data for create-react-app@https://registry.npmjs.org/create-react-app/-/create-react-app-5.0.1.tgz. Extracting by manifest.
380 silly tarball no local data for rimraf@https://registry.npmjs.org/rimraf/-/rimraf-3.0.2.tgz. Extracting by manifest.
381 silly tarball no local data for string_decoder@https://registry.npmjs.org/string_decoder/-/string_decoder-1.1.1.tgz. Extracting by manifest.
382 silly tarball no local data for isarray@https://registry.npmjs.org/isarray/-/isarray-1.0.0.tgz. Extracting by manifest.
383 silly tarball no local data for readable-stream@https://registry.npmjs.org/readable-stream/-/readable-stream-2.3.8.tgz. Extracting by manifest.
384 http fetch POST 200 https://registry.npmjs.org/-/npm/v1/security/advisories/bulk 249ms
385 timing auditReport:getReport Completed in 252ms
386 silly audit report {
386 silly audit report   tar: [
386 silly audit report     {
386 silly audit report       id: 1089685,
386 silly audit report       url: 'https://github.com/advisories/GHSA-3jfq-g458-7qm9',
386 silly audit report       title: 'Arbitrary File Creation/Overwrite due to insufficient absolute path sanitization',
386 silly audit report       severity: 'high',
386 silly audit report       vulnerable_versions: '<3.2.2',
386 silly audit report       cwe: [Array],
386 silly audit report       cvss: [Object]
386 silly audit report     },
386 silly audit report     {
386 silly audit report       id: 1095114,
386 silly audit report       url: 'https://github.com/advisories/GHSA-qq89-hq3f-393p',
386 silly audit report       title: 'Arbitrary File Creation/Overwrite via insufficient symlink protection due to directory cache poisoning using symbolic links',
386 silly audit report       severity: 'high',
386 silly audit report       vulnerable_versions: '<4.4.18',
386 silly audit report       cwe: [Array],
386 silly audit report       cvss: [Object]
386 silly audit report     },
386 silly audit report     {
386 silly audit report       id: 1095117,
386 silly audit report       url: 'https://github.com/advisories/GHSA-5955-9wpr-37jh',
386 silly audit report       title: 'Arbitrary File Creation/Overwrite on Windows via insufficient relative path sanitization',
386 silly audit report       severity: 'high',
386 silly audit report       vulnerable_versions: '<4.4.18',
386 silly audit report       cwe: [Array],
386 silly audit report       cvss: [Object]
386 silly audit report     }
386 silly audit report   ]
386 silly audit report }
387 timing metavuln:packument:tar Completed in 1ms
388 timing metavuln:cache:get:security-advisory:tar:Oa066nJpV2ox85F6qnk1N5eWmAmoWAMU7byYhWk4oYfHYrQ8aGHfCKRikfcy0dHDcKWKiPRc7Nz7R9fxKkj0Yw== Completed in 9ms
389 timing metavuln:load:security-advisory:tar:1089685 Completed in 5ms
390 timing metavuln:cache:get:security-advisory:tar:b0fCoK+2otf7Nha52jR5STLJsyDMnvQzBozhYiojLQHUE2MjYnczh0SCYCXIUIFc8ElJtX2G9GuLooD/irrIRQ== Completed in 15ms
391 timing metavuln:load:security-advisory:tar:1095114 Completed in 2ms
392 timing metavuln:cache:get:security-advisory:tar:2lGtz15Gs28nRX11iCY/mSa25Ky4CfNVzD5qptDvtqdkLXPb/znmxdJ/4OrOyJZ2qQgFtnfxP9ee2xfimUMfuw== Completed in 16ms
393 timing metavuln:load:security-advisory:tar:1095117 Completed in 2ms
394 http fetch GET 200 https://registry.npmjs.org/concat-map/-/concat-map-0.0.1.tgz 265ms (cache miss)
395 http fetch GET 200 https://registry.npmjs.org/isexe/-/isexe-2.0.0.tgz 284ms (cache miss)
396 http fetch GET 200 https://registry.npmjs.org/wrappy/-/wrappy-1.0.2.tgz 280ms (cache miss)
397 timing reifyNode:node_modules/wrappy Completed in 310ms
398 http fetch GET 200 https://registry.npmjs.org/balanced-match/-/balanced-match-1.0.2.tgz 284ms (cache miss)
399 http fetch GET 200 https://registry.npmjs.org/process-nextick-args/-/process-nextick-args-2.0.1.tgz 294ms (cache miss)
400 timing reifyNode:node_modules/process-nextick-args Completed in 320ms
401 http fetch GET 200 https://registry.npmjs.org/inflight/-/inflight-1.0.6.tgz 294ms (cache miss)
402 timing reifyNode:node_modules/inflight Completed in 321ms
403 http fetch GET 200 https://registry.npmjs.org/safe-buffer/-/safe-buffer-5.1.2.tgz 313ms (cache miss)
404 http fetch GET 200 https://registry.npmjs.org/block-stream/-/block-stream-0.0.9.tgz 313ms (cache miss)
405 http fetch GET 200 https://registry.npmjs.org/path-is-absolute/-/path-is-absolute-1.0.1.tgz 334ms (cache miss)
406 timing reifyNode:node_modules/path-is-absolute Completed in 360ms
407 http fetch GET 200 https://registry.npmjs.org/util-deprecate/-/util-deprecate-1.0.2.tgz 356ms (cache miss)
408 timing reifyNode:node_modules/safe-buffer Completed in 383ms
409 http fetch GET 200 https://registry.npmjs.org/fs.realpath/-/fs.realpath-1.0.0.tgz 355ms (cache miss)
410 http fetch GET 200 https://registry.npmjs.org/brace-expansion/-/brace-expansion-1.1.11.tgz 351ms (cache miss)
411 http fetch GET 200 https://registry.npmjs.org/ms/-/ms-2.0.0.tgz 351ms (cache miss)
412 timing reifyNode:node_modules/block-stream Completed in 383ms
413 timing reifyNode:node_modules/brace-expansion Completed in 384ms
414 timing reifyNode:node_modules/ms Completed in 384ms
415 timing reifyNode:node_modules/balanced-match Completed in 392ms
416 timing reifyNode:node_modules/fs.realpath Completed in 399ms
417 timing reifyNode:node_modules/util-deprecate Completed in 406ms
418 http fetch GET 200 https://registry.npmjs.org/minimatch/-/minimatch-3.1.2.tgz 380ms (cache miss)
419 timing reifyNode:node_modules/minimatch Completed in 411ms
420 http fetch GET 200 https://registry.npmjs.org/builtins/-/builtins-1.0.3.tgz 391ms (cache miss)
421 http fetch GET 200 https://registry.npmjs.org/xtend/-/xtend-4.0.2.tgz 392ms (cache miss)
422 http fetch GET 200 https://registry.npmjs.org/fstream-ignore/-/fstream-ignore-1.0.5.tgz 384ms (cache miss)
423 timing reifyNode:node_modules/fstream-ignore Completed in 418ms
424 http fetch GET 200 https://registry.npmjs.org/once/-/once-1.4.0.tgz 393ms (cache miss)
425 http fetch GET 200 https://registry.npmjs.org/string_decoder/-/string_decoder-0.10.31.tgz 391ms (cache miss)
426 http fetch GET 200 https://registry.npmjs.org/rimraf/-/rimraf-2.7.1.tgz 394ms (cache miss)
427 http fetch GET 200 https://registry.npmjs.org/core-util-is/-/core-util-is-1.0.3.tgz 391ms (cache miss)
428 timing reifyNode:node_modules/once Completed in 427ms
429 http fetch GET 200 https://registry.npmjs.org/inherits/-/inherits-2.0.4.tgz 395ms (cache miss)
430 timing reifyNode:node_modules/concat-map Completed in 432ms
431 timing reifyNode:node_modules/xtend Completed in 434ms
432 http fetch GET 200 https://registry.npmjs.org/uid-number/-/uid-number-0.0.6.tgz 407ms (cache miss)
433 http fetch GET 200 https://registry.npmjs.org/lru-cache/-/lru-cache-6.0.0.tgz 405ms (cache miss)
434 timing reifyNode:node_modules/core-util-is Completed in 439ms
435 timing reifyNode:node_modules/builtins Completed in 442ms
436 timing reifyNode:node_modules/lru-cache Completed in 441ms
437 http fetch GET 200 https://registry.npmjs.org/has-flag/-/has-flag-4.0.0.tgz 412ms (cache miss)
438 http fetch GET 200 https://registry.npmjs.org/shebang-regex/-/shebang-regex-3.0.0.tgz 412ms (cache miss)
439 http fetch GET 200 https://registry.npmjs.org/sisteransi/-/sisteransi-1.0.5.tgz 410ms (cache miss)
440 http fetch GET 200 https://registry.npmjs.org/mkdirp/-/mkdirp-0.5.6.tgz 417ms (cache miss)
441 timing reifyNode:node_modules/rimraf Completed in 452ms
442 http fetch GET 200 https://registry.npmjs.org/buffer-from/-/buffer-from-0.1.2.tgz 414ms (cache miss)
443 timing reifyNode:node_modules/buffer-from Completed in 451ms
444 http fetch GET 200 https://registry.npmjs.org/isarray/-/isarray-0.0.1.tgz 417ms (cache miss)
445 http fetch GET 200 https://registry.npmjs.org/yallist/-/yallist-4.0.0.tgz 419ms (cache miss)
446 http fetch GET 200 https://registry.npmjs.org/shebang-command/-/shebang-command-2.0.0.tgz 414ms (cache miss)
447 timing reifyNode:node_modules/shebang-command Completed in 453ms
448 http fetch GET 200 https://registry.npmjs.org/color-convert/-/color-convert-2.0.1.tgz 414ms (cache miss)
449 timing reifyNode:node_modules/shebang-regex Completed in 459ms
450 timing reifyNode:node_modules/uid-number Completed in 459ms
451 timing reifyNode:node_modules/has-flag Completed in 459ms
452 timing reifyNode:node_modules/string_decoder Completed in 459ms
453 timing reifyNode:node_modules/inherits Completed in 459ms
454 timing metavuln:cache:put:security-advisory:tar:2lGtz15Gs28nRX11iCY/mSa25Ky4CfNVzD5qptDvtqdkLXPb/znmxdJ/4OrOyJZ2qQgFtnfxP9ee2xfimUMfuw== Completed in 192ms
455 timing metavuln:calculate:security-advisory:tar:1095117 Completed in 211ms
456 http fetch GET 200 https://registry.npmjs.org/universalify/-/universalify-2.0.1.tgz 421ms (cache miss)
457 timing reifyNode:node_modules/universalify Completed in 460ms
458 http fetch GET 200 https://registry.npmjs.org/through2/-/through2-0.6.5.tgz 425ms (cache miss)
459 http fetch GET 200 https://registry.npmjs.org/color-name/-/color-name-1.1.4.tgz 422ms (cache miss)
460 timing reifyNode:node_modules/color-name Completed in 462ms
461 timing reifyNode:node_modules/yallist Completed in 465ms
462 timing reifyNode:node_modules/mkdirp Completed in 466ms
463 timing reifyNode:node_modules/sisteransi Completed in 465ms
464 http fetch GET 200 https://registry.npmjs.org/duplexer2/-/duplexer2-0.0.2.tgz 428ms (cache miss)
465 http fetch GET 200 https://registry.npmjs.org/path-key/-/path-key-3.1.1.tgz 427ms (cache miss)
466 timing reifyNode:node_modules/isarray Completed in 468ms
467 timing metavuln:cache:put:security-advisory:tar:Oa066nJpV2ox85F6qnk1N5eWmAmoWAMU7byYhWk4oYfHYrQ8aGHfCKRikfcy0dHDcKWKiPRc7Nz7R9fxKkj0Yw== Completed in 206ms
468 timing metavuln:calculate:security-advisory:tar:1089685 Completed in 221ms
469 timing metavuln:cache:put:security-advisory:tar:b0fCoK+2otf7Nha52jR5STLJsyDMnvQzBozhYiojLQHUE2MjYnczh0SCYCXIUIFc8ElJtX2G9GuLooD/irrIRQ== Completed in 204ms
470 timing metavuln:calculate:security-advisory:tar:1095114 Completed in 221ms
471 timing metavuln:packument:tar-pack Completed in 1ms
472 timing reifyNode:node_modules/isexe Completed in 472ms
473 http fetch GET 200 https://registry.npmjs.org/supports-color/-/supports-color-7.2.0.tgz 431ms (cache miss)
474 timing metavuln:cache:get:security-advisory:tar-pack:3KXljJwoAr/NHejfU6kg41RmjF3Pg6M28t7ViuMjk5SYV3kYL9qyGZ417dIFb1Y8K+hhpo0sBWpskxrKhsZQzQ== Completed in 5ms
475 timing metavuln:load:security-advisory:tar-pack:Oa066nJpV2ox85F6qnk1N5eWmAmoWAMU7byYhWk4oYfHYrQ8aGHfCKRikfcy0dHDcKWKiPRc7Nz7R9fxKkj0Yw== Completed in 5ms
476 timing reifyNode:node_modules/through2 Completed in 480ms
477 timing reifyNode:node_modules/path-key Completed in 480ms
478 timing reifyNode:node_modules/supports-color Completed in 484ms
479 http fetch GET 200 https://registry.npmjs.org/which/-/which-2.0.2.tgz 456ms (cache miss)
480 http fetch GET 200 https://registry.npmjs.org/ansi-styles/-/ansi-styles-4.3.0.tgz 455ms (cache miss)
481 timing reifyNode:node_modules/ansi-styles Completed in 496ms
482 http fetch GET 200 https://registry.npmjs.org/tmp/-/tmp-0.2.1.tgz 458ms (cache miss)
483 http fetch GET 200 https://registry.npmjs.org/create-react-app/-/create-react-app-5.0.1.tgz 456ms (cache miss)
484 http fetch GET 200 https://registry.npmjs.org/string_decoder/-/string_decoder-1.1.1.tgz 456ms (cache miss)
485 http fetch GET 200 https://registry.npmjs.org/graceful-fs/-/graceful-fs-4.2.11.tgz 465ms (cache miss)
486 timing reifyNode:node_modules/which Completed in 503ms
487 timing reifyNode:node_modules/tar-pack/node_modules/string_decoder Completed in 507ms
488 timing reifyNode:node_modules/tmp Completed in 507ms
489 timing reifyNode:node_modules/create-react-app Completed in 507ms
490 http fetch GET 200 https://registry.npmjs.org/kleur/-/kleur-3.0.3.tgz 473ms (cache miss)
491 timing reifyNode:node_modules/graceful-fs Completed in 509ms
492 timing reifyNode:node_modules/color-convert Completed in 509ms
493 http fetch GET 200 https://registry.npmjs.org/rimraf/-/rimraf-3.0.2.tgz 466ms (cache miss)
494 http fetch GET 200 https://registry.npmjs.org/glob/-/glob-7.2.3.tgz 487ms (cache miss)
495 timing reifyNode:node_modules/glob Completed in 515ms
496 http fetch GET 200 https://registry.npmjs.org/chalk/-/chalk-4.1.2.tgz 472ms (cache miss)
497 timing reifyNode:node_modules/tmp/node_modules/rimraf Completed in 516ms
498 http fetch GET 200 https://registry.npmjs.org/jsonfile/-/jsonfile-6.1.0.tgz 478ms (cache miss)
499 timing reifyNode:node_modules/jsonfile Completed in 517ms
500 timing reifyNode:node_modules/duplexer2 Completed in 518ms
501 timing reifyNode:node_modules/kleur Completed in 520ms
502 timing reifyNode:node_modules/chalk Completed in 519ms
503 http fetch GET 200 https://registry.npmjs.org/isarray/-/isarray-1.0.0.tgz 476ms (cache miss)
504 http fetch GET 200 https://registry.npmjs.org/validate-npm-package-name/-/validate-npm-package-name-3.0.0.tgz 483ms (cache miss)
505 timing metavuln:cache:put:security-advisory:tar-pack:3KXljJwoAr/NHejfU6kg41RmjF3Pg6M28t7ViuMjk5SYV3kYL9qyGZ417dIFb1Y8K+hhpo0sBWpskxrKhsZQzQ== Completed in 45ms
506 timing metavuln:calculate:security-advisory:tar-pack:Oa066nJpV2ox85F6qnk1N5eWmAmoWAMU7byYhWk4oYfHYrQ8aGHfCKRikfcy0dHDcKWKiPRc7Nz7R9fxKkj0Yw== Completed in 55ms
507 timing metavuln:packument:create-react-app Completed in 0ms
508 timing metavuln:cache:get:security-advisory:create-react-app:BAP5sjD/UipbJVBCija12WlnlurqvRCOfkHPDCK3St763W6JIxpLfRD1F9PMmW4GEaZmK6BFkh/Pye257xPpCw== Completed in 2ms
509 timing metavuln:load:security-advisory:create-react-app:3KXljJwoAr/NHejfU6kg41RmjF3Pg6M28t7ViuMjk5SYV3kYL9qyGZ417dIFb1Y8K+hhpo0sBWpskxrKhsZQzQ== Completed in 10ms
510 timing reifyNode:node_modules/tar-pack/node_modules/isarray Completed in 540ms
511 timing reifyNode:node_modules/validate-npm-package-name Completed in 542ms
512 http fetch GET 200 https://registry.npmjs.org/commander/-/commander-4.1.1.tgz 503ms (cache miss)
513 timing reifyNode:node_modules/commander Completed in 545ms
514 http fetch GET 200 https://registry.npmjs.org/cross-spawn/-/cross-spawn-7.0.3.tgz 506ms (cache miss)
515 timing reifyNode:node_modules/cross-spawn Completed in 552ms
516 http fetch GET 200 https://registry.npmjs.org/tar-pack/-/tar-pack-3.4.1.tgz 517ms (cache miss)
517 timing metavuln:cache:put:security-advisory:create-react-app:BAP5sjD/UipbJVBCija12WlnlurqvRCOfkHPDCK3St763W6JIxpLfRD1F9PMmW4GEaZmK6BFkh/Pye257xPpCw== Completed in 22ms
518 timing metavuln:calculate:security-advisory:create-react-app:3KXljJwoAr/NHejfU6kg41RmjF3Pg6M28t7ViuMjk5SYV3kYL9qyGZ417dIFb1Y8K+hhpo0sBWpskxrKhsZQzQ== Completed in 34ms
519 timing auditReport:init Completed in 331ms
520 timing reify:audit Completed in 584ms
521 timing reifyNode:node_modules/tar-pack Completed in 579ms
522 http fetch GET 200 https://registry.npmjs.org/envinfo/-/envinfo-7.11.1.tgz 540ms (cache miss)
523 timing reifyNode:node_modules/envinfo Completed in 581ms
524 http fetch GET 200 https://registry.npmjs.org/debug/-/debug-2.6.9.tgz 554ms (cache miss)
525 http fetch GET 200 https://registry.npmjs.org/readable-stream/-/readable-stream-1.0.34.tgz 543ms (cache miss)
526 timing reifyNode:node_modules/debug Completed in 591ms
527 http fetch GET 200 https://registry.npmjs.org/readable-stream/-/readable-stream-1.1.14.tgz 554ms (cache miss)
528 timing reifyNode:node_modules/readable-stream Completed in 591ms
529 timing reifyNode:node_modules/through2/node_modules/readable-stream Completed in 591ms
530 http fetch GET 200 https://registry.npmjs.org/hyperquest/-/hyperquest-2.1.3.tgz 554ms (cache miss)
531 timing reifyNode:node_modules/hyperquest Completed in 598ms
532 http fetch GET 200 https://registry.npmjs.org/fstream/-/fstream-1.0.12.tgz 572ms (cache miss)
533 http fetch GET 200 https://registry.npmjs.org/minimist/-/minimist-1.2.8.tgz 575ms (cache miss)
534 timing reifyNode:node_modules/fstream Completed in 606ms
535 timing reifyNode:node_modules/minimist Completed in 607ms
536 http fetch GET 200 https://registry.npmjs.org/readable-stream/-/readable-stream-2.3.8.tgz 570ms (cache miss)
537 timing reifyNode:node_modules/tar-pack/node_modules/readable-stream Completed in 616ms
538 http fetch GET 200 https://registry.npmjs.org/fs-extra/-/fs-extra-10.1.0.tgz 585ms (cache miss)
539 timing reifyNode:node_modules/fs-extra Completed in 626ms
540 http fetch GET 200 https://registry.npmjs.org/semver/-/semver-7.6.0.tgz 601ms (cache miss)
541 timing reifyNode:node_modules/semver Completed in 643ms
542 http fetch GET 200 https://registry.npmjs.org/prompts/-/prompts-2.4.2.tgz 615ms (cache miss)
543 timing reifyNode:node_modules/prompts Completed in 657ms
544 http fetch GET 200 https://registry.npmjs.org/tar/-/tar-2.2.2.tgz 659ms (cache miss)
545 warn deprecated tar@2.2.2: This version of tar is no longer supported, and will not receive security updates. Please upgrade asap.
546 timing reifyNode:node_modules/tar Completed in 692ms
547 timing reify:unpack Completed in 694ms
548 timing reify:unretire Completed in 0ms
549 timing build:queue Completed in 3ms
550 timing build:link:node_modules/create-react-app Completed in 36ms
551 timing build:link:node_modules/mkdirp Completed in 35ms
552 timing build:link:node_modules/tmp/node_modules/rimraf Completed in 34ms
553 timing build:link:node_modules/envinfo Completed in 35ms
554 timing build:link:node_modules/which Completed in 36ms
555 timing build:link:node_modules/rimraf Completed in 37ms
556 timing build:link:node_modules/semver Completed in 37ms
557 timing build:link Completed in 38ms
558 timing build:deps Completed in 43ms
559 timing build Completed in 44ms
560 timing reify:build Completed in 44ms
561 timing reify:trash Completed in 0ms
562 timing reify:save Completed in 42ms
563 timing reify Completed in 3568ms
564 timing command:exec Completed in 11650ms
565 notice
565 notice New [33mminor[39m version of npm available! [31m10.2.4[39m -> [32m10.4.0[39m
565 notice Changelog: [36mhttps://github.com/npm/cli/releases/tag/v10.4.0[39m
565 notice Run [32mnpm install -g npm@10.4.0[39m to update!
565 notice
566 verbose exit 1
567 timing npm Completed in 12018ms
568 verbose code 1
