2024-02-07 15:08:20 INFO - --------
2024-02-07 15:08:20 INFO - Starting Node.js Portable 2.10.0...
2024-02-07 15:08:20 INFO - Current path: D:\portable_node
2024-02-07 15:08:23 INFO - >> INSTALL
2024-02-07 15:08:24 INFO - nodejsVersion: 21.6.1
2024-02-07 15:08:25 INFO - nodejsArch: x86
2024-02-07 15:08:25 INFO - Checking Node.js version 21.6.1... 
2024-02-07 15:08:43 INFO - Downloading https://nodejs.org/dist/v21.6.1/node-v21.6.1-win-x86.zip...
2024-02-07 15:10:45 ERRO - stream error: stream ID 3; INTERNAL_ERROR
2024-02-07 15:13:08 INFO - >> SHELL
2024-02-07 15:13:08 INFO - Checking if Node.js installed... 
2024-02-07 15:13:08 ERRO - Not installed...
2024-02-07 15:13:15 INFO - >> INSTALL
2024-02-07 15:13:17 INFO - nodejsVersion: 21.6.1
2024-02-07 15:13:19 INFO - nodejsArch: x86
2024-02-07 15:13:19 INFO - Checking Node.js version 21.6.1... 
2024-02-07 15:13:20 INFO - Downloading https://nodejs.org/dist/v21.6.1/node-v21.6.1-win-x86.zip...
2024-02-07 15:13:21 INFO - Extracting node-v21.6.1-win-x86.zip... 
2024-02-07 15:13:26 INFO - Moving nodejs folder... 
2024-02-07 15:14:11 INFO - Creating Node.js configuration... 
2024-02-07 15:14:57 INFO - >> SHELL
2024-02-07 15:14:57 INFO - Checking if Node.js installed... 
2024-02-07 15:14:57 INFO - Creating Node.js configuration... 
2024-02-07 15:14:57 INFO - Checking custom paths...
2024-02-07 15:14:57 INFO - # C:\Program Files (x86)\Git\cmd 
2024-02-07 15:14:57 WARN - Not found...
2024-02-07 15:14:57 INFO - # D:\another_path 
2024-02-07 15:14:57 WARN - Not found...
2024-02-07 15:14:57 INFO - # D:\a_relative_path 
2024-02-07 15:14:57 WARN - Not found...
2024-02-07 15:14:57 INFO - Adding node to PATH... 
2024-02-07 15:14:57 INFO - Setting NODE_PATH... 
2024-02-07 15:14:57 INFO - Creating launch script... 
2024-02-07 15:15:21 INFO - Clearing screen...
2024-02-07 15:15:21 INFO - Starting up the shell... 
